 1.2304372e-02  4.3415856e-01  7.0456453e-02  3.5519663e-03
 1.2550460e-02  4.2680159e-01  4.1696154e-02  3.6230058e-03
 1.2801468e-02  5.7995170e-01  3.4113187e-02  3.6954656e-03
 1.3057498e-02  6.3395292e-01  2.5652666e-02  3.7693751e-03
 1.3318649e-02  7.7377206e-01  2.3197990e-02  3.8447627e-03
 1.3585022e-02  8.4631997e-01  2.0334113e-02  3.9216580e-03
 1.3856722e-02  9.9615371e-01  1.9299986e-02  4.0000911e-03
 1.4133856e-02  1.1066368e+00  1.8939121e-02  4.0800927e-03
 1.4416533e-02  1.2239093e+00  1.8595284e-02  4.1616945e-03
 1.4704864e-02  1.2380615e+00  1.7217668e-02  4.2449285e-03
 1.4998961e-02  1.2877781e+00  1.6808245e-02  4.3298272e-03
 1.5298940e-02  1.2476290e+00  1.5742801e-02  4.4164236e-03
 1.5604919e-02  1.2126808e+00  1.6199058e-02  4.5047520e-03
 1.5917018e-02  1.0832999e+00  1.3958219e-02  4.5948473e-03
 1.6235357e-02  9.5078254e-01  1.1850871e-02  4.6867439e-03
 1.6560065e-02  8.0713922e-01  1.0046805e-02  4.7804789e-03
 1.6891267e-02  6.5797591e-01  8.0783097e-03  4.8760888e-03
 1.7229091e-02  4.9126619e-01  6.0515613e-03  4.9736103e-03
 1.7573673e-02  3.5140848e-01  4.5475438e-03  5.0730825e-03
 1.7925147e-02  2.3384200e-01  3.1843178e-03  5.1745442e-03
 1.8283650e-02  1.4354923e-01  2.1896977e-03  5.2780352e-03
 1.8649323e-02  8.3222434e-02  1.5813881e-03  5.3835958e-03
 1.9022308e-02  5.0272226e-02  1.1517558e-03  5.4912674e-03
 1.9402755e-02  4.0646192e-02  1.1117090e-03  5.6010930e-03
 1.9790810e-02  4.3053847e-02  1.1231762e-03  5.7131146e-03
 2.0186627e-02  5.2045267e-02  1.1726454e-03  5.8273773e-03
 2.0590359e-02  6.1921723e-02  1.2249653e-03  5.9439248e-03
 2.1002166e-02  7.0405297e-02  1.2535265e-03  6.0628031e-03
 2.1422209e-02  7.5188510e-02  1.2366847e-03  6.1840591e-03
 2.1850653e-02  8.1196062e-02  1.2685673e-03  6.3077402e-03
 2.2287667e-02  7.8511268e-02  1.1521849e-03  6.4338952e-03
 2.2733420e-02  7.3903225e-02  1.0846888e-03  6.5625731e-03
 2.3188088e-02  6.4444870e-02  9.5439365e-04  6.6938245e-03
 2.3651849e-02  5.5533871e-02  8.3014159e-04  6.8277008e-03
 2.4124887e-02  4.5490321e-02  7.2177238e-04  6.9642550e-03
 2.4607386e-02  3.4867767e-02  6.0321874e-04  7.1035406e-03
 2.5099533e-02  2.5192209e-02  5.3377124e-04  7.2456110e-03
 2.5601525e-02  1.6939286e-02  4.0176648e-04  7.3905236e-03
 2.6113555e-02  1.1503654e-02  3.4588575e-04  7.5383340e-03
 2.6635826e-02  7.8549702e-03  2.8364360e-04  7.6891005e-03
 2.7168542e-02  5.7211379e-03  2.5684127e-04  7.8428826e-03
 2.7711913e-02  5.1547461e-03  2.6023842e-04  7.9997402e-03
 2.8266151e-02  6.6788341e-03  2.7731297e-04  8.1597348e-03
 2.8831474e-02  8.7053701e-03  3.2536194e-04  8.3229298e-03
 2.9408105e-02  1.0865617e-02  3.7705136e-04  8.4893886e-03
 2.9996265e-02  1.4137524e-02  4.6645809e-04  8.6591758e-03
 3.0596191e-02  1.6196735e-02  6.0251285e-04  8.8323596e-03
 3.1208117e-02  1.8626790e-02  9.2621922e-04  9.0090072e-03
 3.1832278e-02  2.1001955e-02  1.4190117e-03  9.1891871e-03
 3.2468922e-02  2.4891982e-02  3.3472795e-03  9.3729706e-03
 3.3118300e-02  4.0032645e-03  7.2441110e-03  9.5604298e-03
 3.3780664e-02  3.9867699e-02  3.8350448e-02  9.7516378e-03
