 1.2304372e-02  3.3044672e-01  5.7702683e-02  3.5519663e-03
 1.2550460e-02  4.9067935e-01  4.6620369e-02  3.6230058e-03
 1.2801468e-02  5.8583176e-01  3.4387656e-02  3.6954656e-03
 1.3057498e-02  6.1760503e-01  2.5298528e-02  3.7693751e-03
 1.3318649e-02  7.3011374e-01  2.2510190e-02  3.8447627e-03
 1.3585022e-02  7.0156652e-01  1.7824393e-02  3.9216580e-03
 1.3856722e-02  7.4462914e-01  1.5802544e-02  4.0000911e-03
 1.4133856e-02  7.4878490e-01  1.4255635e-02  4.0800927e-03
 1.4416533e-02  7.2752041e-01  1.2544128e-02  4.1616945e-03
 1.4704864e-02  6.5338457e-01  1.0646229e-02  4.2449285e-03
 1.4998961e-02  5.8414209e-01  9.1841891e-03  4.3298272e-03
 1.5298940e-02  4.8290834e-01  7.5757187e-03  4.4164236e-03
 1.5604919e-02  4.1068614e-01  7.1713212e-03  4.5047520e-03
 1.5917018e-02  3.3320272e-01  5.8256709e-03  4.5948473e-03
 1.6235357e-02  2.6094121e-01  4.6649133e-03  4.6867439e-03
 1.6560065e-02  2.0975813e-01  3.8621910e-03  4.7804789e-03
 1.6891267e-02  1.6161814e-01  3.1040711e-03  4.8760888e-03
 1.7229091e-02  1.2737989e-01  2.5798515e-03  4.9736103e-03
 1.7573673e-02  9.7542472e-02  2.1132485e-03  5.0730825e-03
 1.7925147e-02  7.8468680e-02  1.7681062e-03  5.1745442e-03
 1.8283650e-02  6.2568061e-02  1.4910487e-03  5.2780352e-03
 1.8649323e-02  4.9609922e-02  1.3110784e-03  5.3835958e-03
 1.9022308e-02  4.0972553e-02  1.0901080e-03  5.4912674e-03
 1.9402755e-02  3.7903517e-02  1.0562565e-03  5.6010930e-03
 1.9790810e-02  3.3257119e-02  9.2787523e-04  5.7131146e-03
 2.0186627e-02  3.0496117e-02  8.7505445e-04  5.8273773e-03
 2.0590359e-02  2.7506774e-02  7.9508999e-04  5.9439248e-03
 2.1002166e-02  2.6432985e-02  7.5931771e-04  6.0628031e-03
 2.1422209e-02  2.4905136e-02  7.2516326e-04  6.1840591e-03
 2.1850653e-02  2.3896419e-02  7.0254534e-04  6.3077402e-03
 2.2287667e-02  2.1259217e-02  6.2133378e-04  6.4338952e-03
 2.2733420e-02  1.9262021e-02  5.8466836e-04  6.5625731e-03
 2.3188088e-02  1.7063258e-02  5.2961305e-04  6.6938245e-03
 2.3651849e-02  1.5554024e-02  4.8490058e-04  6.8277008e-03
 2.4124887e-02  1.4199771e-02  4.5969707e-04  6.9642550e-03
 2.4607386e-02  1.2906501e-02  4.2676134e-04  7.1035406e-03
 2.5099533e-02  1.1917847e-02  4.2884584e-04  7.2456110e-03
 2.5601525e-02  1.1039481e-02  3.6531274e-04  7.3905236e-03
 2.6113555e-02  1.0802652e-02  3.4624536e-04  7.5383340e-03
 2.6635826e-02  1.0175671e-02  3.0662524e-04  7.6891005e-03
 2.7168542e-02  1.0008897e-02  2.9709801e-04  7.8428826e-03
 2.7711913e-02  9.5327506e-03  3.0411655e-04  7.9997402e-03
 2.8266151e-02  9.4400859e-03  3.0026559e-04  8.1597348e-03
 2.8831474e-02  7.8978427e-03  2.9421595e-04  8.3229298e-03
 2.9408105e-02  8.2582040e-03  3.3871300e-04  8.4893886e-03
 2.9996265e-02  7.2189900e-03  3.6804462e-04  8.6591758e-03
 3.0596191e-02  7.0463773e-03  4.6036017e-04  8.8323596e-03
 3.1208117e-02  7.6942141e-03  7.2144263e-04  9.0090072e-03
 3.1832278e-02  5.7181926e-03  1.0442761e-03  9.1891871e-03
 3.2468922e-02  6.2868646e-03  2.6524556e-03  9.3729706e-03
 3.3118300e-02  5.8675185e-04  7.2344574e-03  9.5604298e-03
 3.3780664e-02  2.9124266e-02  3.6204085e-02  9.7516378e-03
